*** Using Compiler 'V5.06 update 7 (build 960)', folder: 'D:\keil5\core\ARM\ARMCC\Bin'
Rebuild target 'New_Legends_Project'
assembling startup_stm32f407xx.s...
compiling freertos.c...
compiling stm32f4xx_hal_msp.c...
compiling usart.c...
compiling gpio.c...
compiling main.c...
../Core/Src/main.c(104): warning:  #223-D: function "remote_control_init" declared implicitly
  		remote_control_init();
../Core/Src/main.c(105): warning:  #223-D: function "can_filter_init" declared implicitly
      can_filter_init();
../Core/Src/main.c(106): warning:  #223-D: function "can_receive_init" declared implicitly
      can_receive_init();
../Core/Src/main.c: 3 warnings, 0 errors
compiling remote_control.c...
compiling tim.c...
compiling dma.c...
compiling CAN_receive.c...
compiling stm32f4xx_it.c...
compiling can.c...
compiling communication.c...
compiling foerarm.c...
..\APP\forearm.h(300): warning:  #1295-D: Deprecated declaration PhotoSpin_output - give arg types
  void PhotoSpin_output();                  //控制图传舵机
..\APP\foerarm.c(520): warning:  #69-D: integer conversion resulted in truncation
          photo_pitch.photo_angle_target = PS_PITCH_ANGLE_MAX;
..\APP\foerarm.c(524): warning:  #69-D: integer conversion resulted in truncation
          photo_pitch.photo_angle_target = PS_PITCH_ANGLE_MIN;
..\APP\foerarm.c(544): warning:  #69-D: integer conversion resulted in truncation
          photo_yaw.photo_angle_target = PS_YAW_ANGLE_MAX;
..\APP\foerarm.c(549): warning:  #69-D: integer conversion resulted in truncation
          photo_yaw.photo_angle_target = PS_YAW_ANGLE_MIN;
..\APP\foerarm.c(732): warning:  #177-D: variable "send_mail_box"  was declared but never referenced
      uint32_t send_mail_box;
..\APP\foerarm.c(762): warning:  #177-D: variable "send_mail_box"  was declared but never referenced
      uint32_t send_mail_box;
..\APP\foerarm.c(1011): warning:  #1-D: last line of file ends without a newline
  }
..\APP\foerarm.c: 8 warnings, 0 errors
compiling DMPower.c...
compiling bsp_rc.c...
compiling bsp_can.c...
compiling stm32f4xx_hal_flash_ramfunc.c...
compiling stm32f4xx_hal_can.c...
compiling stm32f4xx_hal_rcc.c...
compiling stm32f4xx_hal_flash_ex.c...
compiling stm32f4xx_hal_rcc_ex.c...
compiling stm32f4xx_hal_flash.c...
compiling stm32f4xx_hal_gpio.c...
compiling stm32f4xx_hal_pwr_ex.c...
compiling stm32f4xx_hal_pwr.c...
compiling stm32f4xx_hal_cortex.c...
compiling croutine.c...
compiling stm32f4xx_hal_dma.c...
compiling stm32f4xx_hal_dma_ex.c...
compiling list.c...
compiling stm32f4xx_hal.c...
compiling stm32f4xx_hal_exti.c...
compiling event_groups.c...
compiling system_stm32f4xx.c...
compiling timers.c...
compiling queue.c...
compiling stream_buffer.c...
compiling heap_4.c...
compiling stm32f4xx_hal_tim_ex.c...
compiling stm32f4xx_hal_uart.c...
compiling tasks.c...
compiling port.c...
compiling cmsis_os.c...
compiling stm32f4xx_hal_tim.c...
linking...
Program Size: Code=20860 RO-data=528 RW-data=300 ZI-data=19604  
FromELF: creating hex file...
"New_Legends_Project\New_Legends_Project.axf" - 0 Error(s), 11 Warning(s).
Build Time Elapsed:  00:00:04
